[2026-04-15T13:38:08.290Z] Error: listen EADDRINUSE: address already in use :::5000
    at Server.setupListenHandle [as _listen2] (node:net:1940:16)
    at listenInCluster (node:net:1997:12)
    at Server.listen (node:net:2102:7)
    at app.listen (D:\master\server\node_modules\express\lib\application.js:635:24)
    at startServer (D:\master\server\server.js:220:24)
    at process.processTicksAndRejections (node:internal/process/task_queues:103:5)
[2026-04-15T13:40:45.615Z] Error: listen EADDRINUSE: address already in use :::5000
    at Server.setupListenHandle [as _listen2] (node:net:1940:16)
    at listenInCluster (node:net:1997:12)
    at Server.listen (node:net:2102:7)
    at app.listen (D:\master\server\node_modules\express\lib\application.js:635:24)
    at startServer (D:\master\server\server.js:220:24)
    at process.processTicksAndRejections (node:internal/process/task_queues:103:5)
[2026-04-15T20:12:21.804Z] Error: listen EADDRINUSE: address already in use :::5000
    at Server.setupListenHandle [as _listen2] (node:net:1940:16)
    at listenInCluster (node:net:1997:12)
    at Server.listen (node:net:2102:7)
    at app.listen (D:\master\server\node_modules\express\lib\application.js:635:24)
    at startServer (D:\master\server\server.js:235:24)
    at process.processTicksAndRejections (node:internal/process/task_queues:103:5)
[2026-04-15T20:13:03.537Z] Error: listen EADDRINUSE: address already in use :::5000
    at Server.setupListenHandle [as _listen2] (node:net:1940:16)
    at listenInCluster (node:net:1997:12)
    at Server.listen (node:net:2102:7)
    at app.listen (D:\master\server\node_modules\express\lib\application.js:635:24)
    at startServer (D:\master\server\server.js:235:24)
    at process.processTicksAndRejections (node:internal/process/task_queues:103:5)
[2026-04-15T20:13:34.176Z] Error: listen EADDRINUSE: address already in use :::5000
    at Server.setupListenHandle [as _listen2] (node:net:1940:16)
    at listenInCluster (node:net:1997:12)
    at Server.listen (node:net:2102:7)
    at app.listen (D:\master\server\node_modules\express\lib\application.js:635:24)
    at startServer (D:\master\server\server.js:235:24)
    at process.processTicksAndRejections (node:internal/process/task_queues:103:5)
[2026-04-15T20:14:00.788Z] Error: listen EADDRINUSE: address already in use :::5000
    at Server.setupListenHandle [as _listen2] (node:net:1940:16)
    at listenInCluster (node:net:1997:12)
    at Server.listen (node:net:2102:7)
    at app.listen (D:\master\server\node_modules\express\lib\application.js:635:24)
    at startServer (D:\master\server\server.js:235:24)
    at process.processTicksAndRejections (node:internal/process/task_queues:103:5)
